<?xml version="1.0" encoding="UTF-8"?>
<!-- Generated by org.testng.reporters.JUnitReportReporter -->
<testsuite hostname="DESKTOP-S5NN8IV" failures="0" tests="2" name="Testt.frist" time="0.007" errors="0" timestamp="2024-05-27T19:44:12 IST" skipped="0">
  <testcase classname="Testt.frist" name="lastname" time="0.001"/>
  <system-out/>
  <testcase classname="Testt.frist" name="firstname" time="0.006"/>
  <system-out/>
</testsuite> <!-- Testt.frist -->
