<?xml version="1.0" encoding="UTF-8"?>
<!-- Generated by org.testng.reporters.JUnitReportReporter -->
<testsuite hostname="DESKTOP-S5NN8IV" failures="0" tests="5" name="Testt.sec" time="0.013" errors="0" timestamp="2024-05-27T19:44:12 IST" skipped="1">
  <testcase classname="Testt.sec" name="homeLoan" time="0.001"/>
  <system-out/>
  <testcase classname="Testt.sec" name="StuffLoan" time="0.004"/>
  <system-out/>
  <testcase classname="Testt.sec" name="CarLoan" time="0.007"/>
  <system-out/>
  <testcase classname="Testt.sec" name="laptopLoan" time="0.001"/>
  <system-out/>
  <testcase classname="Testt.sec" name="frezeLoan">
    <skipped/>
  </testcase> <!-- frezeLoan -->
  <system-out/>
</testsuite> <!-- Testt.sec -->
