<?xml version="1.0" encoding="UTF-8"?>
<!-- Generated by org.testng.reporters.JUnitReportReporter -->
<testsuite hostname="DESKTOP-S5NN8IV" failures="0" tests="2" name="Testt.thrid" time="0.002" errors="0" timestamp="2024-05-27T19:44:12 IST" skipped="0">
  <testcase classname="Testt.thrid" name="test2" time="0.001"/>
  <system-out/>
  <testcase classname="Testt.thrid" name="test1" time="0.001"/>
  <system-out/>
</testsuite> <!-- Testt.thrid -->
