<?xml version="1.0" encoding="UTF-8"?>
<!-- Generated by org.testng.reporters.JUnitReportReporter -->
<testsuite hostname="DESKTOP-S5NN8IV" failures="0" tests="2" name="Testt.Testt" time="0.010" errors="0" timestamp="2024-04-15T14:46:15 IST" skipped="0">
  <testcase classname="Testt.Testt" name="test2" time="0.001"/>
  <system-out/>
  <testcase classname="Testt.Testt" name="test1" time="0.009"/>
  <system-out/>
</testsuite> <!-- Testt.Testt -->
